C:\Users\maik\Desktop\nt61-main\kernelbase\kernelbase\x64\Release\cl.command.1.tlog
C:\Users\maik\Desktop\nt61-main\kernelbase\kernelbase\x64\Release\CL.read.1.tlog
C:\Users\maik\Desktop\nt61-main\kernelbase\kernelbase\x64\Release\CL.write.1.tlog
C:\USERS\MAIK\DESKTOP\NT61-MAIN\KERNELBASE\KERNELBASE\X64\RELEASE\KERNELBASE.DLL.EMBED.MANIFEST
C:\USERS\MAIK\DESKTOP\NT61-MAIN\KERNELBASE\KERNELBASE\X64\RELEASE\KERNELBASE.DLL.EMBED.MANIFEST.RES
C:\USERS\MAIK\DESKTOP\NT61-MAIN\KERNELBASE\KERNELBASE\X64\RELEASE\KERNELBASE.DLL.INTERMEDIATE.MANIFEST
C:\USERS\MAIK\DESKTOP\NT61-MAIN\KERNELBASE\KERNELBASE\X64\RELEASE\KERNELBASE.OBJ
C:\Users\maik\Desktop\nt61-main\kernelbase\kernelbase\x64\Release\kernelbase.write.1.tlog
C:\Users\maik\Desktop\nt61-main\kernelbase\kernelbase\x64\Release\kernelbase_manifest.rc
C:\Users\maik\Desktop\nt61-main\kernelbase\kernelbase\x64\Release\link.command.1.tlog
C:\Users\maik\Desktop\nt61-main\kernelbase\kernelbase\x64\Release\link.read.1.tlog
C:\Users\maik\Desktop\nt61-main\kernelbase\kernelbase\x64\Release\link.write.1.tlog
C:\Users\maik\Desktop\nt61-main\kernelbase\kernelbase\x64\Release\link-cvtres.read.1.tlog
C:\Users\maik\Desktop\nt61-main\kernelbase\kernelbase\x64\Release\link-cvtres.write.1.tlog
C:\Users\maik\Desktop\nt61-main\kernelbase\kernelbase\x64\Release\mt.command.1.tlog
C:\Users\maik\Desktop\nt61-main\kernelbase\kernelbase\x64\Release\mt.read.1.tlog
C:\Users\maik\Desktop\nt61-main\kernelbase\kernelbase\x64\Release\mt.write.1.tlog
C:\Users\maik\Desktop\nt61-main\kernelbase\kernelbase\x64\Release\rc.command.1.tlog
C:\Users\maik\Desktop\nt61-main\kernelbase\kernelbase\x64\Release\rc.read.1.tlog
C:\Users\maik\Desktop\nt61-main\kernelbase\kernelbase\x64\Release\rc.write.1.tlog
C:\USERS\MAIK\DESKTOP\NT61-MAIN\KERNELBASE\KERNELBASE\X64\RELEASE\VC100.PDB
C:\USERS\MAIK\DESKTOP\NT61-MAIN\KERNELBASE\X64\RELEASE\KERNELBASE.DLL
C:\Users\maik\Desktop\nt61-main\kernelbase\x64\Release\kernelbase.exp
C:\Users\maik\Desktop\nt61-main\kernelbase\x64\Release\kernelbase.lib
C:\USERS\MAIK\DESKTOP\NT61-MAIN\KERNELBASE\X64\RELEASE\KERNELBASE.PDB
