Build started 8/14/2023 11:24:14 PM.
     1>Project "C:\Users\maik\Desktop\WIN7 DEV\winhttp\winhttp\winhttp.vcxproj" on node 2 (build target(s)).
     1>InitializeBuildStatus:
         Touching "x64\Release\winhttp.unsuccessfulbuild".
       ClCompile:
         C:\Program Files (x86)\Microsoft Visual Studio 10.0\VC\bin\x86_amd64\CL.exe /c /Zi /nologo /W3 /WX- /O2 /Oi /D _WINDLL /D _UNICODE /D UNICODE /MT /GS- /Gy- /fp:precise /fp:except- /Zc:wchar_t /Zc:forScope /Fo"x64\Release\\" /Fd"x64\Release\vc100.pdb" /Gd /TC /errorReport:prompt winhttp.c
         winhttp.c
     1>winhttp.c(36): warning C4047: 'function' : 'DWORD_PTR' differs in levels of indirection from 'void *'
     1>winhttp.c(36): warning C4024: 'WinHttpSendRequest' : different types for formal and actual parameter 7
     1>winhttp.c(40): warning C4047: 'function' : 'DWORD_PTR' differs in levels of indirection from 'void *'
     1>winhttp.c(40): warning C4024: 'WinHttpSetStatusCallback' : different types for formal and actual parameter 4
       ManifestResourceCompile:
         All outputs are up-to-date.
       Link:
         C:\Program Files (x86)\Microsoft Visual Studio 10.0\VC\bin\x86_amd64\link.exe /ERRORREPORT:PROMPT /OUT:"C:\Users\maik\Desktop\WIN7 DEV\winhttp\x64\Release\winhttp.dll" /INCREMENTAL /NOLOGO winht33.lib /NODEFAULTLIB /DEF:"winhttp.def" /MANIFEST /ManifestFile:"x64\Release\winhttp.dll.intermediate.manifest" /MANIFESTUAC:"level='asInvoker' uiAccess='false'" /DEBUG /PDB:"C:\Users\maik\Desktop\WIN7 DEV\winhttp\x64\Release\winhttp.pdb" /SUBSYSTEM:WINDOWS /OPT:REF /OPT:ICF /TLBID:1 /ENTRY:"RawDllMain" /DYNAMICBASE /NXCOMPAT /IMPLIB:"C:\Users\maik\Desktop\WIN7 DEV\winhttp\x64\Release\winhttp.lib" /MACHINE:X64 /DLL x64\Release\winhttp.dll.embed.manifest.res
         x64\Release\winhttp.obj
     1>LINK : warning LNK4075: ignoring '/INCREMENTAL' due to '/OPT:ICF' specification
     1>winhttp.def : warning LNK4104: export of symbol 'DllCanUnloadNow' should be PRIVATE
     1>winhttp.def : warning LNK4104: export of symbol 'DllGetClassObject' should be PRIVATE
            Creating library C:\Users\maik\Desktop\WIN7 DEV\winhttp\x64\Release\winhttp.lib and object C:\Users\maik\Desktop\WIN7 DEV\winhttp\x64\Release\winhttp.exp
         winhttp.vcxproj -> C:\Users\maik\Desktop\WIN7 DEV\winhttp\x64\Release\winhttp.dll
       Manifest:
         C:\Program Files (x86)\Microsoft SDKs\Windows\v7.0A\bin\mt.exe /nologo /verbose /out:"x64\Release\winhttp.dll.embed.manifest" /manifest x64\Release\winhttp.dll.intermediate.manifest
         C:\Program Files (x86)\Microsoft SDKs\Windows\v7.0A\bin\rc.exe /nologo /fo"x64\Release\winhttp.dll.embed.manifest.res" x64\Release\winhttp_manifest.rc 
       LinkEmbedManifest:
         C:\Program Files (x86)\Microsoft Visual Studio 10.0\VC\bin\x86_amd64\link.exe /ERRORREPORT:PROMPT /OUT:"C:\Users\maik\Desktop\WIN7 DEV\winhttp\x64\Release\winhttp.dll" /INCREMENTAL /NOLOGO winht33.lib /NODEFAULTLIB /DEF:"winhttp.def" /MANIFEST /ManifestFile:"x64\Release\winhttp.dll.intermediate.manifest" /MANIFESTUAC:"level='asInvoker' uiAccess='false'" /DEBUG /PDB:"C:\Users\maik\Desktop\WIN7 DEV\winhttp\x64\Release\winhttp.pdb" /SUBSYSTEM:WINDOWS /OPT:REF /OPT:ICF /TLBID:1 /ENTRY:"RawDllMain" /DYNAMICBASE /NXCOMPAT /IMPLIB:"C:\Users\maik\Desktop\WIN7 DEV\winhttp\x64\Release\winhttp.lib" /MACHINE:X64 /DLL x64\Release\winhttp.dll.embed.manifest.res
         x64\Release\winhttp.obj
     1>LINK : warning LNK4075: ignoring '/INCREMENTAL' due to '/OPT:ICF' specification
     1>winhttp.def : warning LNK4104: export of symbol 'DllCanUnloadNow' should be PRIVATE
     1>winhttp.def : warning LNK4104: export of symbol 'DllGetClassObject' should be PRIVATE
            Creating library C:\Users\maik\Desktop\WIN7 DEV\winhttp\x64\Release\winhttp.lib and object C:\Users\maik\Desktop\WIN7 DEV\winhttp\x64\Release\winhttp.exp
         winhttp.vcxproj -> C:\Users\maik\Desktop\WIN7 DEV\winhttp\x64\Release\winhttp.dll
       FinalizeBuildStatus:
         Deleting file "x64\Release\winhttp.unsuccessfulbuild".
         Touching "x64\Release\winhttp.lastbuildstate".
     1>Done Building Project "C:\Users\maik\Desktop\WIN7 DEV\winhttp\winhttp\winhttp.vcxproj" (build target(s)).

Build succeeded.

Time Elapsed 00:00:00.55
